2023-06-04T15:33:08.188+02:00  INFO 13491 --- [restartedMain] employees.EmployeesApplication           : Starting EmployeesApplication using Java 17.0.2 with PID 13491 (/Users/nemesbalint/Documents/Work/Training360/SpringBoot/employees/target/classes started by nemesbalint in /Users/nemesbalint/Documents/Work/Training360/SpringBoot/employees)
2023-06-04T15:33:08.189+02:00 DEBUG 13491 --- [restartedMain] employees.EmployeesApplication           : Running with Spring Boot v3.0.6, Spring v6.0.8
2023-06-04T15:33:08.189+02:00  INFO 13491 --- [restartedMain] employees.EmployeesApplication           : The following 1 profile is active: "prod"
2023-06-04T15:33:08.206+02:00  INFO 13491 --- [restartedMain] .e.DevToolsPropertyDefaultsPostProcessor : Devtools property defaults active! Set 'spring.devtools.add-properties' to 'false' to disable
2023-06-04T15:33:08.206+02:00  INFO 13491 --- [restartedMain] .e.DevToolsPropertyDefaultsPostProcessor : For additional web related logging consider setting the 'logging.level.web' property to 'DEBUG'
2023-06-04T15:33:08.633+02:00  INFO 13491 --- [restartedMain] .s.d.r.c.RepositoryConfigurationDelegate : Bootstrapping Spring Data JPA repositories in DEFAULT mode.
2023-06-04T15:33:08.691+02:00  INFO 13491 --- [restartedMain] .s.d.r.c.RepositoryConfigurationDelegate : Finished Spring Data repository scanning in 54 ms. Found 1 JPA repository interfaces.
2023-06-04T15:33:08.982+02:00  INFO 13491 --- [restartedMain] o.s.b.w.embedded.tomcat.TomcatWebServer  : Tomcat initialized with port(s): 8080 (http)
2023-06-04T15:33:08.986+02:00  INFO 13491 --- [restartedMain] o.apache.catalina.core.StandardService   : Starting service [Tomcat]
2023-06-04T15:33:08.987+02:00  INFO 13491 --- [restartedMain] o.apache.catalina.core.StandardEngine    : Starting Servlet engine: [Apache Tomcat/10.1.8]
2023-06-04T15:33:09.020+02:00  INFO 13491 --- [restartedMain] o.a.c.c.C.[Tomcat].[localhost].[/]       : Initializing Spring embedded WebApplicationContext
2023-06-04T15:33:09.020+02:00  INFO 13491 --- [restartedMain] w.s.c.ServletWebServerApplicationContext : Root WebApplicationContext: initialization completed in 814 ms
2023-06-04T15:33:09.113+02:00  INFO 13491 --- [restartedMain] com.zaxxer.hikari.HikariDataSource       : HikariPool-1 - Starting...
2023-06-04T15:33:09.142+02:00  INFO 13491 --- [restartedMain] com.zaxxer.hikari.pool.HikariPool        : HikariPool-1 - Added connection org.mariadb.jdbc.Connection@63e507f2
2023-06-04T15:33:09.143+02:00  INFO 13491 --- [restartedMain] com.zaxxer.hikari.HikariDataSource       : HikariPool-1 - Start completed.
2023-06-04T15:33:09.278+02:00  INFO 13491 --- [restartedMain] liquibase.lockservice                    : Successfully acquired change log lock
2023-06-04T15:33:09.401+02:00  INFO 13491 --- [restartedMain] liquibase.changelog                      : Reading from employees.DATABASECHANGELOG
2023-06-04T15:33:09.411+02:00  INFO 13491 --- [restartedMain] liquibase.changelog                      : Reading from employees.DATABASECHANGELOG
2023-06-04T15:33:09.414+02:00  INFO 13491 --- [restartedMain] liquibase.util                           : UPDATE SUMMARY
2023-06-04T15:33:09.416+02:00  INFO 13491 --- [restartedMain] liquibase.util                           : Run:                          0
2023-06-04T15:33:09.416+02:00  INFO 13491 --- [restartedMain] liquibase.util                           : Previously run:               1
2023-06-04T15:33:09.416+02:00  INFO 13491 --- [restartedMain] liquibase.util                           : Filtered out:                 0
2023-06-04T15:33:09.416+02:00  INFO 13491 --- [restartedMain] liquibase.util                           : -------------------------------
2023-06-04T15:33:09.416+02:00  INFO 13491 --- [restartedMain] liquibase.util                           : Total change sets:            1

2023-06-04T15:33:09.417+02:00  INFO 13491 --- [restartedMain] liquibase.util                           : Update summary generated
2023-06-04T15:33:09.420+02:00  INFO 13491 --- [restartedMain] liquibase.lockservice                    : Successfully released change log lock
2023-06-04T15:33:09.423+02:00  INFO 13491 --- [restartedMain] liquibase.lockservice                    : Successfully released change log lock
2023-06-04T15:33:09.423+02:00  INFO 13491 --- [restartedMain] liquibase.command                        : Command execution complete
2023-06-04T15:33:09.453+02:00  INFO 13491 --- [restartedMain] o.hibernate.jpa.internal.util.LogHelper  : HHH000204: Processing PersistenceUnitInfo [name: default]
2023-06-04T15:33:09.473+02:00  INFO 13491 --- [restartedMain] org.hibernate.Version                    : HHH000412: Hibernate ORM core version 6.1.7.Final
2023-06-04T15:33:09.589+02:00  INFO 13491 --- [restartedMain] SQL dialect                              : HHH000400: Using dialect: org.hibernate.dialect.MariaDBDialect
2023-06-04T15:33:09.829+02:00  INFO 13491 --- [restartedMain] o.h.e.t.j.p.i.JtaPlatformInitiator       : HHH000490: Using JtaPlatform implementation: [org.hibernate.engine.transaction.jta.platform.internal.NoJtaPlatform]
2023-06-04T15:33:09.832+02:00  INFO 13491 --- [restartedMain] j.LocalContainerEntityManagerFactoryBean : Initialized JPA EntityManagerFactory for persistence unit 'default'
2023-06-04T15:33:10.076+02:00  WARN 13491 --- [restartedMain] JpaBaseConfiguration$JpaWebConfiguration : spring.jpa.open-in-view is enabled by default. Therefore, database queries may be performed during view rendering. Explicitly configure spring.jpa.open-in-view to disable this warning
2023-06-04T15:33:10.586+02:00  INFO 13491 --- [restartedMain] o.s.b.d.a.OptionalLiveReloadServer       : LiveReload server is running on port 35729
2023-06-04T15:33:10.588+02:00  INFO 13491 --- [restartedMain] o.s.b.a.e.web.EndpointLinksResolver      : Exposing 17 endpoint(s) beneath base path '/actuator'
2023-06-04T15:33:10.623+02:00  INFO 13491 --- [restartedMain] o.s.b.w.embedded.tomcat.TomcatWebServer  : Tomcat started on port(s): 8080 (http) with context path ''
2023-06-04T15:33:10.774+02:00  INFO 13491 --- [restartedMain] employees.EmployeesApplication           : Started EmployeesApplication in 2.769 seconds (process running for 2.97)
2023-06-04T15:33:26.550+02:00  INFO 13491 --- [http-nio-8080-exec-2] o.a.c.c.C.[Tomcat].[localhost].[/]       : Initializing Spring DispatcherServlet 'dispatcherServlet'
2023-06-04T15:33:26.551+02:00  INFO 13491 --- [http-nio-8080-exec-2] o.s.web.servlet.DispatcherServlet        : Initializing Servlet 'dispatcherServlet'
2023-06-04T15:33:26.552+02:00  INFO 13491 --- [http-nio-8080-exec-2] o.s.web.servlet.DispatcherServlet        : Completed initialization in 1 ms
2023-06-04T15:33:47.623+02:00  INFO 13491 --- [http-nio-8080-exec-4] employees.EmployeesController            : create employee
2023-06-04T15:33:47.623+02:00  INFO 13491 --- [http-nio-8080-exec-4] employees.EmployeesController            : create employee with name Jack John Doe 2
2023-06-04T15:33:47.660+02:00  INFO 13491 --- [http-nio-8080-exec-4] employees.EmployeeService                : Employee has been created
2023-06-04T15:33:47.660+02:00 DEBUG 13491 --- [http-nio-8080-exec-4] employees.EmployeeService                : Employee has been created with name Jack John Doe 2
2023-06-04T15:33:47.768+02:00  INFO 13491 --- [org.springframework.jms.JmsListenerEndpointContainer#0-1] employees.EventStoreGateway              : Message has arrived: Employee has been created: Jack John Doe 2
2023-06-04T15:42:00.756+02:00  INFO 13491 --- [http-nio-8080-exec-4] employees.EmployeesController            : create employee
2023-06-04T15:42:00.757+02:00  INFO 13491 --- [http-nio-8080-exec-4] employees.EmployeesController            : create employee with name Jack John Doe 2
2023-06-04T15:42:00.765+02:00  INFO 13491 --- [http-nio-8080-exec-4] employees.EmployeeService                : Employee has been created
2023-06-04T15:42:00.816+02:00  INFO 13491 --- [org.springframework.jms.JmsListenerEndpointContainer#0-1] employees.EventStoreGateway              : Message has arrived: Employee has been created: Jack John Doe 2
2023-06-04T15:42:16.491+02:00  INFO 13491 --- [http-nio-8080-exec-5] employees.EmployeesController            : create employee
2023-06-04T15:42:16.491+02:00  INFO 13491 --- [http-nio-8080-exec-5] employees.EmployeesController            : create employee with name Jack John Doe 3
2023-06-04T15:42:16.501+02:00  INFO 13491 --- [http-nio-8080-exec-5] employees.EmployeeService                : Employee has been created
2023-06-04T15:42:16.540+02:00  INFO 13491 --- [org.springframework.jms.JmsListenerEndpointContainer#0-1] employees.EventStoreGateway              : Message has arrived: Employee has been created: Jack John Doe 3
2023-06-04T15:42:33.446+02:00  INFO 13491 --- [http-nio-8080-exec-7] employees.EmployeesController            : create employee
2023-06-04T15:42:33.447+02:00  INFO 13491 --- [http-nio-8080-exec-7] employees.EmployeesController            : create employee with name Jack John Doe 4
2023-06-04T15:42:33.455+02:00  INFO 13491 --- [http-nio-8080-exec-7] employees.EmployeeService                : Employee has been created
2023-06-04T15:42:33.455+02:00 DEBUG 13491 --- [http-nio-8080-exec-7] employees.EmployeeService                : Employee has been created with name Jack John Doe 4
2023-06-04T15:42:33.493+02:00  INFO 13491 --- [org.springframework.jms.JmsListenerEndpointContainer#0-1] employees.EventStoreGateway              : Message has arrived: Employee has been created: Jack John Doe 4
2023-06-04T15:45:43.548+02:00  INFO 13491 --- [SpringApplicationShutdownHook] j.LocalContainerEntityManagerFactoryBean : Closing JPA EntityManagerFactory for persistence unit 'default'
2023-06-04T15:45:43.550+02:00  INFO 13491 --- [SpringApplicationShutdownHook] com.zaxxer.hikari.HikariDataSource       : HikariPool-1 - Shutdown initiated...
2023-06-04T15:45:43.555+02:00  INFO 13491 --- [SpringApplicationShutdownHook] com.zaxxer.hikari.HikariDataSource       : HikariPool-1 - Shutdown completed.
2023-06-04T16:01:41.696+02:00  INFO 15794 --- [restartedMain] employees.EmployeesApplication           : Starting EmployeesApplication using Java 17.0.2 with PID 15794 (/Users/nemesbalint/Documents/Work/Training360/SpringBoot/employees/target/classes started by nemesbalint in /Users/nemesbalint/Documents/Work/Training360/SpringBoot/employees)
2023-06-04T16:01:41.696+02:00 DEBUG 15794 --- [restartedMain] employees.EmployeesApplication           : Running with Spring Boot v3.0.6, Spring v6.0.8
2023-06-04T16:01:41.697+02:00  INFO 15794 --- [restartedMain] employees.EmployeesApplication           : The following 1 profile is active: "prod"
2023-06-04T16:01:41.714+02:00  INFO 15794 --- [restartedMain] .e.DevToolsPropertyDefaultsPostProcessor : Devtools property defaults active! Set 'spring.devtools.add-properties' to 'false' to disable
2023-06-04T16:01:41.714+02:00  INFO 15794 --- [restartedMain] .e.DevToolsPropertyDefaultsPostProcessor : For additional web related logging consider setting the 'logging.level.web' property to 'DEBUG'
2023-06-04T16:01:42.158+02:00  INFO 15794 --- [restartedMain] .s.d.r.c.RepositoryConfigurationDelegate : Bootstrapping Spring Data JPA repositories in DEFAULT mode.
2023-06-04T16:01:42.218+02:00  INFO 15794 --- [restartedMain] .s.d.r.c.RepositoryConfigurationDelegate : Finished Spring Data repository scanning in 56 ms. Found 1 JPA repository interfaces.
2023-06-04T16:01:42.533+02:00  INFO 15794 --- [restartedMain] o.s.b.w.embedded.tomcat.TomcatWebServer  : Tomcat initialized with port(s): 8080 (http)
2023-06-04T16:01:42.538+02:00  INFO 15794 --- [restartedMain] o.apache.catalina.core.StandardService   : Starting service [Tomcat]
2023-06-04T16:01:42.538+02:00  INFO 15794 --- [restartedMain] o.apache.catalina.core.StandardEngine    : Starting Servlet engine: [Apache Tomcat/10.1.8]
2023-06-04T16:01:42.573+02:00  INFO 15794 --- [restartedMain] o.a.c.c.C.[Tomcat].[localhost].[/]       : Initializing Spring embedded WebApplicationContext
2023-06-04T16:01:42.573+02:00  INFO 15794 --- [restartedMain] w.s.c.ServletWebServerApplicationContext : Root WebApplicationContext: initialization completed in 859 ms
2023-06-04T16:01:42.678+02:00  INFO 15794 --- [restartedMain] com.zaxxer.hikari.HikariDataSource       : HikariPool-1 - Starting...
2023-06-04T16:01:42.710+02:00  INFO 15794 --- [restartedMain] com.zaxxer.hikari.pool.HikariPool        : HikariPool-1 - Added connection org.mariadb.jdbc.Connection@18970fba
2023-06-04T16:01:42.711+02:00  INFO 15794 --- [restartedMain] com.zaxxer.hikari.HikariDataSource       : HikariPool-1 - Start completed.
2023-06-04T16:01:42.846+02:00  INFO 15794 --- [restartedMain] liquibase.lockservice                    : Successfully acquired change log lock
2023-06-04T16:01:42.980+02:00  INFO 15794 --- [restartedMain] liquibase.changelog                      : Reading from employees.DATABASECHANGELOG
2023-06-04T16:01:42.992+02:00  INFO 15794 --- [restartedMain] liquibase.changelog                      : Reading from employees.DATABASECHANGELOG
2023-06-04T16:01:42.994+02:00  INFO 15794 --- [restartedMain] liquibase.util                           : UPDATE SUMMARY
2023-06-04T16:01:42.994+02:00  INFO 15794 --- [restartedMain] liquibase.util                           : Run:                          0
2023-06-04T16:01:42.994+02:00  INFO 15794 --- [restartedMain] liquibase.util                           : Previously run:               1
2023-06-04T16:01:42.994+02:00  INFO 15794 --- [restartedMain] liquibase.util                           : Filtered out:                 0
2023-06-04T16:01:42.994+02:00  INFO 15794 --- [restartedMain] liquibase.util                           : -------------------------------
2023-06-04T16:01:42.994+02:00  INFO 15794 --- [restartedMain] liquibase.util                           : Total change sets:            1

2023-06-04T16:01:42.995+02:00  INFO 15794 --- [restartedMain] liquibase.util                           : Update summary generated
2023-06-04T16:01:43.000+02:00  INFO 15794 --- [restartedMain] liquibase.lockservice                    : Successfully released change log lock
2023-06-04T16:01:43.006+02:00  INFO 15794 --- [restartedMain] liquibase.lockservice                    : Successfully released change log lock
2023-06-04T16:01:43.006+02:00  INFO 15794 --- [restartedMain] liquibase.command                        : Command execution complete
2023-06-04T16:01:43.038+02:00  INFO 15794 --- [restartedMain] o.hibernate.jpa.internal.util.LogHelper  : HHH000204: Processing PersistenceUnitInfo [name: default]
2023-06-04T16:01:43.061+02:00  INFO 15794 --- [restartedMain] org.hibernate.Version                    : HHH000412: Hibernate ORM core version 6.1.7.Final
2023-06-04T16:01:43.181+02:00  INFO 15794 --- [restartedMain] SQL dialect                              : HHH000400: Using dialect: org.hibernate.dialect.MariaDBDialect
2023-06-04T16:01:43.451+02:00  INFO 15794 --- [restartedMain] o.h.e.t.j.p.i.JtaPlatformInitiator       : HHH000490: Using JtaPlatform implementation: [org.hibernate.engine.transaction.jta.platform.internal.NoJtaPlatform]
2023-06-04T16:01:43.454+02:00  INFO 15794 --- [restartedMain] j.LocalContainerEntityManagerFactoryBean : Initialized JPA EntityManagerFactory for persistence unit 'default'
2023-06-04T16:01:43.709+02:00  WARN 15794 --- [restartedMain] JpaBaseConfiguration$JpaWebConfiguration : spring.jpa.open-in-view is enabled by default. Therefore, database queries may be performed during view rendering. Explicitly configure spring.jpa.open-in-view to disable this warning
2023-06-04T16:01:44.308+02:00  INFO 15794 --- [restartedMain] o.s.b.d.a.OptionalLiveReloadServer       : LiveReload server is running on port 35729
2023-06-04T16:01:44.311+02:00  INFO 15794 --- [restartedMain] o.s.b.a.e.web.EndpointLinksResolver      : Exposing 17 endpoint(s) beneath base path '/actuator'
2023-06-04T16:01:44.351+02:00  INFO 15794 --- [restartedMain] o.s.b.w.embedded.tomcat.TomcatWebServer  : Tomcat started on port(s): 8080 (http) with context path ''
2023-06-04T16:01:44.494+02:00  INFO 15794 --- [restartedMain] employees.EmployeesApplication           : Started EmployeesApplication in 2.986 seconds (process running for 3.253)
2023-06-04T16:01:58.514+02:00  INFO 15794 --- [http-nio-8080-exec-2] o.a.c.c.C.[Tomcat].[localhost].[/]       : Initializing Spring DispatcherServlet 'dispatcherServlet'
2023-06-04T16:01:58.514+02:00  INFO 15794 --- [http-nio-8080-exec-2] o.s.web.servlet.DispatcherServlet        : Initializing Servlet 'dispatcherServlet'
2023-06-04T16:01:58.515+02:00  INFO 15794 --- [http-nio-8080-exec-2] o.s.web.servlet.DispatcherServlet        : Completed initialization in 1 ms
2023-06-04T16:09:45.496+02:00  INFO 15794 --- [SpringApplicationShutdownHook] j.LocalContainerEntityManagerFactoryBean : Closing JPA EntityManagerFactory for persistence unit 'default'
2023-06-04T16:09:45.498+02:00  INFO 15794 --- [SpringApplicationShutdownHook] com.zaxxer.hikari.HikariDataSource       : HikariPool-1 - Shutdown initiated...
2023-06-04T16:09:45.502+02:00  INFO 15794 --- [SpringApplicationShutdownHook] com.zaxxer.hikari.HikariDataSource       : HikariPool-1 - Shutdown completed.
2023-06-04T16:09:47.058+02:00  INFO 16405 --- [restartedMain] employees.EmployeesApplication           : Starting EmployeesApplication using Java 17.0.2 with PID 16405 (/Users/nemesbalint/Documents/Work/Training360/SpringBoot/employees/target/classes started by nemesbalint in /Users/nemesbalint/Documents/Work/Training360/SpringBoot/employees)
2023-06-04T16:09:47.059+02:00 DEBUG 16405 --- [restartedMain] employees.EmployeesApplication           : Running with Spring Boot v3.0.6, Spring v6.0.8
2023-06-04T16:09:47.059+02:00  INFO 16405 --- [restartedMain] employees.EmployeesApplication           : The following 1 profile is active: "prod"
2023-06-04T16:09:47.075+02:00  INFO 16405 --- [restartedMain] .e.DevToolsPropertyDefaultsPostProcessor : Devtools property defaults active! Set 'spring.devtools.add-properties' to 'false' to disable
2023-06-04T16:09:47.075+02:00  INFO 16405 --- [restartedMain] .e.DevToolsPropertyDefaultsPostProcessor : For additional web related logging consider setting the 'logging.level.web' property to 'DEBUG'
2023-06-04T16:09:47.481+02:00  INFO 16405 --- [restartedMain] .s.d.r.c.RepositoryConfigurationDelegate : Bootstrapping Spring Data JPA repositories in DEFAULT mode.
2023-06-04T16:09:47.539+02:00  INFO 16405 --- [restartedMain] .s.d.r.c.RepositoryConfigurationDelegate : Finished Spring Data repository scanning in 54 ms. Found 1 JPA repository interfaces.
2023-06-04T16:09:47.847+02:00  INFO 16405 --- [restartedMain] o.s.b.w.embedded.tomcat.TomcatWebServer  : Tomcat initialized with port(s): 8080 (http)
2023-06-04T16:09:47.852+02:00  INFO 16405 --- [restartedMain] o.apache.catalina.core.StandardService   : Starting service [Tomcat]
2023-06-04T16:09:47.852+02:00  INFO 16405 --- [restartedMain] o.apache.catalina.core.StandardEngine    : Starting Servlet engine: [Apache Tomcat/10.1.8]
2023-06-04T16:09:47.886+02:00  INFO 16405 --- [restartedMain] o.a.c.c.C.[Tomcat].[localhost].[/]       : Initializing Spring embedded WebApplicationContext
2023-06-04T16:09:47.886+02:00  INFO 16405 --- [restartedMain] w.s.c.ServletWebServerApplicationContext : Root WebApplicationContext: initialization completed in 810 ms
2023-06-04T16:09:47.984+02:00  INFO 16405 --- [restartedMain] com.zaxxer.hikari.HikariDataSource       : HikariPool-1 - Starting...
2023-06-04T16:09:48.015+02:00  INFO 16405 --- [restartedMain] com.zaxxer.hikari.pool.HikariPool        : HikariPool-1 - Added connection org.mariadb.jdbc.Connection@33ce28c8
2023-06-04T16:09:48.016+02:00  INFO 16405 --- [restartedMain] com.zaxxer.hikari.HikariDataSource       : HikariPool-1 - Start completed.
2023-06-04T16:09:48.142+02:00  INFO 16405 --- [restartedMain] liquibase.lockservice                    : Successfully acquired change log lock
2023-06-04T16:09:48.280+02:00  INFO 16405 --- [restartedMain] liquibase.changelog                      : Reading from employees.DATABASECHANGELOG
2023-06-04T16:09:48.295+02:00  INFO 16405 --- [restartedMain] liquibase.changelog                      : Reading from employees.DATABASECHANGELOG
2023-06-04T16:09:48.298+02:00  INFO 16405 --- [restartedMain] liquibase.util                           : UPDATE SUMMARY
2023-06-04T16:09:48.298+02:00  INFO 16405 --- [restartedMain] liquibase.util                           : Run:                          0
2023-06-04T16:09:48.298+02:00  INFO 16405 --- [restartedMain] liquibase.util                           : Previously run:               1
2023-06-04T16:09:48.298+02:00  INFO 16405 --- [restartedMain] liquibase.util                           : Filtered out:                 0
2023-06-04T16:09:48.298+02:00  INFO 16405 --- [restartedMain] liquibase.util                           : -------------------------------
2023-06-04T16:09:48.298+02:00  INFO 16405 --- [restartedMain] liquibase.util                           : Total change sets:            1

2023-06-04T16:09:48.298+02:00  INFO 16405 --- [restartedMain] liquibase.util                           : Update summary generated
2023-06-04T16:09:48.302+02:00  INFO 16405 --- [restartedMain] liquibase.lockservice                    : Successfully released change log lock
2023-06-04T16:09:48.306+02:00  INFO 16405 --- [restartedMain] liquibase.lockservice                    : Successfully released change log lock
2023-06-04T16:09:48.307+02:00  INFO 16405 --- [restartedMain] liquibase.command                        : Command execution complete
2023-06-04T16:09:48.336+02:00  INFO 16405 --- [restartedMain] o.hibernate.jpa.internal.util.LogHelper  : HHH000204: Processing PersistenceUnitInfo [name: default]
2023-06-04T16:09:48.358+02:00  INFO 16405 --- [restartedMain] org.hibernate.Version                    : HHH000412: Hibernate ORM core version 6.1.7.Final
2023-06-04T16:09:48.469+02:00  INFO 16405 --- [restartedMain] SQL dialect                              : HHH000400: Using dialect: org.hibernate.dialect.MariaDBDialect
2023-06-04T16:09:48.725+02:00  INFO 16405 --- [restartedMain] o.h.e.t.j.p.i.JtaPlatformInitiator       : HHH000490: Using JtaPlatform implementation: [org.hibernate.engine.transaction.jta.platform.internal.NoJtaPlatform]
2023-06-04T16:09:48.728+02:00  INFO 16405 --- [restartedMain] j.LocalContainerEntityManagerFactoryBean : Initialized JPA EntityManagerFactory for persistence unit 'default'
2023-06-04T16:09:48.985+02:00  WARN 16405 --- [restartedMain] JpaBaseConfiguration$JpaWebConfiguration : spring.jpa.open-in-view is enabled by default. Therefore, database queries may be performed during view rendering. Explicitly configure spring.jpa.open-in-view to disable this warning
2023-06-04T16:09:49.627+02:00  INFO 16405 --- [restartedMain] o.s.b.d.a.OptionalLiveReloadServer       : LiveReload server is running on port 35729
2023-06-04T16:09:49.629+02:00  INFO 16405 --- [restartedMain] o.s.b.a.e.web.EndpointLinksResolver      : Exposing 17 endpoint(s) beneath base path '/actuator'
2023-06-04T16:09:49.663+02:00  INFO 16405 --- [restartedMain] o.s.b.w.embedded.tomcat.TomcatWebServer  : Tomcat started on port(s): 8080 (http) with context path ''
2023-06-04T16:09:49.805+02:00  INFO 16405 --- [restartedMain] employees.EmployeesApplication           : Started EmployeesApplication in 2.93 seconds (process running for 3.123)
2023-06-04T16:10:13.764+02:00  INFO 16405 --- [http-nio-8080-exec-2] o.a.c.c.C.[Tomcat].[localhost].[/]       : Initializing Spring DispatcherServlet 'dispatcherServlet'
2023-06-04T16:10:13.764+02:00  INFO 16405 --- [http-nio-8080-exec-2] o.s.web.servlet.DispatcherServlet        : Initializing Servlet 'dispatcherServlet'
2023-06-04T16:10:13.765+02:00  INFO 16405 --- [http-nio-8080-exec-2] o.s.web.servlet.DispatcherServlet        : Completed initialization in 1 ms
2023-06-04T16:13:27.685+02:00  INFO 16405 --- [http-nio-8080-exec-5] employees.EmployeesController            : create employee
2023-06-04T16:13:27.686+02:00  INFO 16405 --- [http-nio-8080-exec-5] employees.EmployeesController            : create employee with name Jack John Doe 5
2023-06-04T16:13:27.720+02:00  INFO 16405 --- [http-nio-8080-exec-5] employees.EmployeeService                : Employee has been created
2023-06-04T16:13:27.721+02:00 DEBUG 16405 --- [http-nio-8080-exec-5] employees.EmployeeService                : Employee has been created with name Jack John Doe 5
2023-06-04T16:13:27.772+02:00  INFO 16405 --- [org.springframework.jms.JmsListenerEndpointContainer#0-1] employees.EventStoreGateway              : Message has arrived: Employee has been created: Jack John Doe 5
2023-06-04T16:13:31.223+02:00  INFO 16405 --- [http-nio-8080-exec-7] employees.EmployeesController            : create employee
2023-06-04T16:13:31.223+02:00  INFO 16405 --- [http-nio-8080-exec-7] employees.EmployeesController            : create employee with name Jack John Doe 6
2023-06-04T16:13:31.233+02:00  INFO 16405 --- [http-nio-8080-exec-7] employees.EmployeeService                : Employee has been created
2023-06-04T16:13:31.233+02:00 DEBUG 16405 --- [http-nio-8080-exec-7] employees.EmployeeService                : Employee has been created with name Jack John Doe 6
2023-06-04T16:13:31.263+02:00  INFO 16405 --- [org.springframework.jms.JmsListenerEndpointContainer#0-1] employees.EventStoreGateway              : Message has arrived: Employee has been created: Jack John Doe 6
2023-06-04T16:14:04.679+02:00  INFO 16405 --- [SpringApplicationShutdownHook] j.LocalContainerEntityManagerFactoryBean : Closing JPA EntityManagerFactory for persistence unit 'default'
2023-06-04T16:14:04.681+02:00  INFO 16405 --- [SpringApplicationShutdownHook] com.zaxxer.hikari.HikariDataSource       : HikariPool-1 - Shutdown initiated...
2023-06-04T16:14:04.686+02:00  INFO 16405 --- [SpringApplicationShutdownHook] com.zaxxer.hikari.HikariDataSource       : HikariPool-1 - Shutdown completed.
2023-06-04T16:25:46.049+02:00  INFO 17727 --- [restartedMain] employees.EmployeesApplication           : Starting EmployeesApplication using Java 17.0.2 with PID 17727 (/Users/nemesbalint/Documents/Work/Training360/SpringBoot/employees/target/classes started by nemesbalint in /Users/nemesbalint/Documents/Work/Training360/SpringBoot/employees)
2023-06-04T16:25:46.050+02:00 DEBUG 17727 --- [restartedMain] employees.EmployeesApplication           : Running with Spring Boot v3.0.6, Spring v6.0.8
2023-06-04T16:25:46.050+02:00  INFO 17727 --- [restartedMain] employees.EmployeesApplication           : The following 1 profile is active: "prod"
2023-06-04T16:25:46.077+02:00  INFO 17727 --- [restartedMain] .e.DevToolsPropertyDefaultsPostProcessor : Devtools property defaults active! Set 'spring.devtools.add-properties' to 'false' to disable
2023-06-04T16:25:46.077+02:00  INFO 17727 --- [restartedMain] .e.DevToolsPropertyDefaultsPostProcessor : For additional web related logging consider setting the 'logging.level.web' property to 'DEBUG'
2023-06-04T16:25:46.512+02:00  INFO 17727 --- [restartedMain] .s.d.r.c.RepositoryConfigurationDelegate : Bootstrapping Spring Data JPA repositories in DEFAULT mode.
2023-06-04T16:25:46.572+02:00  INFO 17727 --- [restartedMain] .s.d.r.c.RepositoryConfigurationDelegate : Finished Spring Data repository scanning in 56 ms. Found 1 JPA repository interfaces.
2023-06-04T16:25:46.897+02:00  INFO 17727 --- [restartedMain] o.s.b.w.embedded.tomcat.TomcatWebServer  : Tomcat initialized with port(s): 8080 (http)
2023-06-04T16:25:46.904+02:00  INFO 17727 --- [restartedMain] o.apache.catalina.core.StandardService   : Starting service [Tomcat]
2023-06-04T16:25:46.904+02:00  INFO 17727 --- [restartedMain] o.apache.catalina.core.StandardEngine    : Starting Servlet engine: [Apache Tomcat/10.1.8]
2023-06-04T16:25:46.944+02:00  INFO 17727 --- [restartedMain] o.a.c.c.C.[Tomcat].[localhost].[/]       : Initializing Spring embedded WebApplicationContext
2023-06-04T16:25:46.945+02:00  INFO 17727 --- [restartedMain] w.s.c.ServletWebServerApplicationContext : Root WebApplicationContext: initialization completed in 868 ms
2023-06-04T16:25:47.064+02:00  INFO 17727 --- [restartedMain] com.zaxxer.hikari.HikariDataSource       : HikariPool-1 - Starting...
2023-06-04T16:25:47.093+02:00  INFO 17727 --- [restartedMain] com.zaxxer.hikari.pool.HikariPool        : HikariPool-1 - Added connection org.mariadb.jdbc.Connection@11b0f1c5
2023-06-04T16:25:47.094+02:00  INFO 17727 --- [restartedMain] com.zaxxer.hikari.HikariDataSource       : HikariPool-1 - Start completed.
2023-06-04T16:25:47.233+02:00  INFO 17727 --- [restartedMain] liquibase.lockservice                    : Successfully acquired change log lock
2023-06-04T16:25:47.370+02:00  INFO 17727 --- [restartedMain] liquibase.changelog                      : Reading from employees.DATABASECHANGELOG
2023-06-04T16:25:47.381+02:00  INFO 17727 --- [restartedMain] liquibase.changelog                      : Reading from employees.DATABASECHANGELOG
2023-06-04T16:25:47.383+02:00  INFO 17727 --- [restartedMain] liquibase.util                           : UPDATE SUMMARY
2023-06-04T16:25:47.383+02:00  INFO 17727 --- [restartedMain] liquibase.util                           : Run:                          0
2023-06-04T16:25:47.383+02:00  INFO 17727 --- [restartedMain] liquibase.util                           : Previously run:               1
2023-06-04T16:25:47.383+02:00  INFO 17727 --- [restartedMain] liquibase.util                           : Filtered out:                 0
2023-06-04T16:25:47.383+02:00  INFO 17727 --- [restartedMain] liquibase.util                           : -------------------------------
2023-06-04T16:25:47.383+02:00  INFO 17727 --- [restartedMain] liquibase.util                           : Total change sets:            1

2023-06-04T16:25:47.383+02:00  INFO 17727 --- [restartedMain] liquibase.util                           : Update summary generated
2023-06-04T16:25:47.387+02:00  INFO 17727 --- [restartedMain] liquibase.lockservice                    : Successfully released change log lock
2023-06-04T16:25:47.391+02:00  INFO 17727 --- [restartedMain] liquibase.lockservice                    : Successfully released change log lock
2023-06-04T16:25:47.391+02:00  INFO 17727 --- [restartedMain] liquibase.command                        : Command execution complete
2023-06-04T16:25:47.419+02:00  INFO 17727 --- [restartedMain] o.hibernate.jpa.internal.util.LogHelper  : HHH000204: Processing PersistenceUnitInfo [name: default]
2023-06-04T16:25:47.441+02:00  INFO 17727 --- [restartedMain] org.hibernate.Version                    : HHH000412: Hibernate ORM core version 6.1.7.Final
2023-06-04T16:25:47.559+02:00  INFO 17727 --- [restartedMain] SQL dialect                              : HHH000400: Using dialect: org.hibernate.dialect.MariaDBDialect
2023-06-04T16:25:47.820+02:00  INFO 17727 --- [restartedMain] o.h.e.t.j.p.i.JtaPlatformInitiator       : HHH000490: Using JtaPlatform implementation: [org.hibernate.engine.transaction.jta.platform.internal.NoJtaPlatform]
2023-06-04T16:25:47.823+02:00  INFO 17727 --- [restartedMain] j.LocalContainerEntityManagerFactoryBean : Initialized JPA EntityManagerFactory for persistence unit 'default'
2023-06-04T16:25:48.078+02:00  WARN 17727 --- [restartedMain] JpaBaseConfiguration$JpaWebConfiguration : spring.jpa.open-in-view is enabled by default. Therefore, database queries may be performed during view rendering. Explicitly configure spring.jpa.open-in-view to disable this warning
2023-06-04T16:25:48.596+02:00  INFO 17727 --- [restartedMain] o.s.b.d.a.OptionalLiveReloadServer       : LiveReload server is running on port 35729
2023-06-04T16:25:48.598+02:00  INFO 17727 --- [restartedMain] o.s.b.a.e.web.EndpointLinksResolver      : Exposing 18 endpoint(s) beneath base path '/actuator'
2023-06-04T16:25:48.637+02:00  INFO 17727 --- [restartedMain] o.s.b.w.embedded.tomcat.TomcatWebServer  : Tomcat started on port(s): 8080 (http) with context path ''
2023-06-04T16:25:48.771+02:00  INFO 17727 --- [restartedMain] employees.EmployeesApplication           : Started EmployeesApplication in 2.926 seconds (process running for 3.136)
2023-06-04T16:26:20.384+02:00  INFO 17727 --- [http-nio-8080-exec-2] o.a.c.c.C.[Tomcat].[localhost].[/]       : Initializing Spring DispatcherServlet 'dispatcherServlet'
2023-06-04T16:26:20.385+02:00  INFO 17727 --- [http-nio-8080-exec-2] o.s.web.servlet.DispatcherServlet        : Initializing Servlet 'dispatcherServlet'
2023-06-04T16:26:20.386+02:00  INFO 17727 --- [http-nio-8080-exec-2] o.s.web.servlet.DispatcherServlet        : Completed initialization in 1 ms
2023-06-04T16:59:34.713+02:00 DEBUG 17727 --- [http-nio-8080-exec-6] employees.EmployeeService                : listEmployees called with prefix: Optional.empty, result count is 22 
2023-06-04T17:06:36.606+02:00  INFO 17727 --- [http-nio-8080-exec-10] employees.EmployeesController            : create employee
2023-06-04T17:06:36.606+02:00  INFO 17727 --- [http-nio-8080-exec-10] employees.EmployeesController            : create employee with name Jane Doe 6
2023-06-04T17:06:36.621+02:00  INFO 17727 --- [http-nio-8080-exec-10] employees.EmployeeService                : Employee has been created
2023-06-04T17:06:36.622+02:00 DEBUG 17727 --- [http-nio-8080-exec-10] employees.EmployeeService                : Employee has been created with name Jane Doe 6
2023-06-04T17:06:36.691+02:00  INFO 17727 --- [org.springframework.jms.JmsListenerEndpointContainer#0-1] employees.EventStoreGateway              : Message has arrived: Employee has been created: Jane Doe 6
2023-06-04T17:11:00.193+02:00  INFO 17727 --- [SpringApplicationShutdownHook] j.LocalContainerEntityManagerFactoryBean : Closing JPA EntityManagerFactory for persistence unit 'default'
2023-06-04T17:11:00.195+02:00  INFO 17727 --- [SpringApplicationShutdownHook] com.zaxxer.hikari.HikariDataSource       : HikariPool-1 - Shutdown initiated...
2023-06-04T17:11:00.200+02:00  INFO 17727 --- [SpringApplicationShutdownHook] com.zaxxer.hikari.HikariDataSource       : HikariPool-1 - Shutdown completed.
2023-06-04T18:06:50.098+02:00  INFO 23823 --- [restartedMain] employees.EmployeesApplication           : Starting EmployeesApplication using Java 17.0.2 with PID 23823 (/Users/nemesbalint/Documents/Work/Training360/SpringBoot/employees/target/classes started by nemesbalint in /Users/nemesbalint/Documents/Work/Training360/SpringBoot/employees)
2023-06-04T18:06:50.099+02:00 DEBUG 23823 --- [restartedMain] employees.EmployeesApplication           : Running with Spring Boot v3.0.6, Spring v6.0.8
2023-06-04T18:06:50.099+02:00  INFO 23823 --- [restartedMain] employees.EmployeesApplication           : The following 1 profile is active: "prod"
2023-06-04T18:06:50.116+02:00  INFO 23823 --- [restartedMain] .e.DevToolsPropertyDefaultsPostProcessor : Devtools property defaults active! Set 'spring.devtools.add-properties' to 'false' to disable
2023-06-04T18:06:50.116+02:00  INFO 23823 --- [restartedMain] .e.DevToolsPropertyDefaultsPostProcessor : For additional web related logging consider setting the 'logging.level.web' property to 'DEBUG'
2023-06-04T18:06:50.524+02:00  INFO 23823 --- [restartedMain] .s.d.r.c.RepositoryConfigurationDelegate : Bootstrapping Spring Data JPA repositories in DEFAULT mode.
2023-06-04T18:06:50.580+02:00  INFO 23823 --- [restartedMain] .s.d.r.c.RepositoryConfigurationDelegate : Finished Spring Data repository scanning in 54 ms. Found 1 JPA repository interfaces.
2023-06-04T18:06:50.895+02:00  INFO 23823 --- [restartedMain] o.s.b.w.embedded.tomcat.TomcatWebServer  : Tomcat initialized with port(s): 8080 (http)
2023-06-04T18:06:50.900+02:00  INFO 23823 --- [restartedMain] o.apache.catalina.core.StandardService   : Starting service [Tomcat]
2023-06-04T18:06:50.900+02:00  INFO 23823 --- [restartedMain] o.apache.catalina.core.StandardEngine    : Starting Servlet engine: [Apache Tomcat/10.1.8]
2023-06-04T18:06:50.935+02:00  INFO 23823 --- [restartedMain] o.a.c.c.C.[Tomcat].[localhost].[/]       : Initializing Spring embedded WebApplicationContext
2023-06-04T18:06:50.935+02:00  INFO 23823 --- [restartedMain] w.s.c.ServletWebServerApplicationContext : Root WebApplicationContext: initialization completed in 818 ms
2023-06-04T18:06:51.043+02:00  INFO 23823 --- [restartedMain] com.zaxxer.hikari.HikariDataSource       : HikariPool-1 - Starting...
2023-06-04T18:06:51.070+02:00  INFO 23823 --- [restartedMain] com.zaxxer.hikari.pool.HikariPool        : HikariPool-1 - Added connection org.mariadb.jdbc.Connection@d62f87d
2023-06-04T18:06:51.071+02:00  INFO 23823 --- [restartedMain] com.zaxxer.hikari.HikariDataSource       : HikariPool-1 - Start completed.
2023-06-04T18:06:51.202+02:00  INFO 23823 --- [restartedMain] liquibase.lockservice                    : Successfully acquired change log lock
2023-06-04T18:06:51.342+02:00  INFO 23823 --- [restartedMain] liquibase.changelog                      : Reading from employees.DATABASECHANGELOG
2023-06-04T18:06:51.353+02:00  INFO 23823 --- [restartedMain] liquibase.changelog                      : Reading from employees.DATABASECHANGELOG
2023-06-04T18:06:51.356+02:00  INFO 23823 --- [restartedMain] liquibase.util                           : UPDATE SUMMARY
2023-06-04T18:06:51.356+02:00  INFO 23823 --- [restartedMain] liquibase.util                           : Run:                          0
2023-06-04T18:06:51.356+02:00  INFO 23823 --- [restartedMain] liquibase.util                           : Previously run:               1
2023-06-04T18:06:51.356+02:00  INFO 23823 --- [restartedMain] liquibase.util                           : Filtered out:                 0
2023-06-04T18:06:51.357+02:00  INFO 23823 --- [restartedMain] liquibase.util                           : -------------------------------
2023-06-04T18:06:51.357+02:00  INFO 23823 --- [restartedMain] liquibase.util                           : Total change sets:            1

2023-06-04T18:06:51.357+02:00  INFO 23823 --- [restartedMain] liquibase.util                           : Update summary generated
2023-06-04T18:06:51.361+02:00  INFO 23823 --- [restartedMain] liquibase.lockservice                    : Successfully released change log lock
2023-06-04T18:06:51.365+02:00  INFO 23823 --- [restartedMain] liquibase.lockservice                    : Successfully released change log lock
2023-06-04T18:06:51.365+02:00  INFO 23823 --- [restartedMain] liquibase.command                        : Command execution complete
2023-06-04T18:06:51.392+02:00  INFO 23823 --- [restartedMain] o.hibernate.jpa.internal.util.LogHelper  : HHH000204: Processing PersistenceUnitInfo [name: default]
2023-06-04T18:06:51.408+02:00  INFO 23823 --- [restartedMain] org.hibernate.Version                    : HHH000412: Hibernate ORM core version 6.1.7.Final
2023-06-04T18:06:51.519+02:00  INFO 23823 --- [restartedMain] SQL dialect                              : HHH000400: Using dialect: org.hibernate.dialect.MariaDBDialect
2023-06-04T18:06:51.777+02:00  INFO 23823 --- [restartedMain] o.h.e.t.j.p.i.JtaPlatformInitiator       : HHH000490: Using JtaPlatform implementation: [org.hibernate.engine.transaction.jta.platform.internal.NoJtaPlatform]
2023-06-04T18:06:51.780+02:00  INFO 23823 --- [restartedMain] j.LocalContainerEntityManagerFactoryBean : Initialized JPA EntityManagerFactory for persistence unit 'default'
2023-06-04T18:06:52.025+02:00  WARN 23823 --- [restartedMain] JpaBaseConfiguration$JpaWebConfiguration : spring.jpa.open-in-view is enabled by default. Therefore, database queries may be performed during view rendering. Explicitly configure spring.jpa.open-in-view to disable this warning
2023-06-04T18:06:52.569+02:00  INFO 23823 --- [restartedMain] o.s.b.d.a.OptionalLiveReloadServer       : LiveReload server is running on port 35729
2023-06-04T18:06:52.571+02:00  INFO 23823 --- [restartedMain] o.s.b.a.e.web.EndpointLinksResolver      : Exposing 19 endpoint(s) beneath base path '/actuator'
2023-06-04T18:06:52.607+02:00  INFO 23823 --- [restartedMain] o.s.b.w.embedded.tomcat.TomcatWebServer  : Tomcat started on port(s): 8080 (http) with context path ''
2023-06-04T18:06:52.733+02:00  INFO 23823 --- [restartedMain] employees.EmployeesApplication           : Started EmployeesApplication in 2.814 seconds (process running for 2.999)
2023-06-04T18:07:26.599+02:00  INFO 23823 --- [http-nio-8080-exec-2] o.a.c.c.C.[Tomcat].[localhost].[/]       : Initializing Spring DispatcherServlet 'dispatcherServlet'
2023-06-04T18:07:26.599+02:00  INFO 23823 --- [http-nio-8080-exec-2] o.s.web.servlet.DispatcherServlet        : Initializing Servlet 'dispatcherServlet'
2023-06-04T18:07:26.600+02:00  INFO 23823 --- [http-nio-8080-exec-2] o.s.web.servlet.DispatcherServlet        : Completed initialization in 1 ms
2023-06-04T18:09:12.299+02:00  INFO 23823 --- [http-nio-8080-exec-6] employees.EmployeesController            : create employee
2023-06-04T18:09:12.299+02:00  INFO 23823 --- [http-nio-8080-exec-6] employees.EmployeesController            : create employee with name Jane Doe Jenny
2023-06-04T18:09:12.331+02:00  INFO 23823 --- [http-nio-8080-exec-6] employees.EmployeeService                : Employee has been created
2023-06-04T18:09:12.332+02:00 DEBUG 23823 --- [http-nio-8080-exec-6] employees.EmployeeService                : Employee has been created with name Jane Doe Jenny
2023-06-04T18:09:12.407+02:00  INFO 23823 --- [org.springframework.jms.JmsListenerEndpointContainer#0-1] employees.EventStoreGateway              : Message has arrived: Employee has been created: Jane Doe Jenny
2023-06-04T18:12:34.450+02:00  INFO 23823 --- [SpringApplicationShutdownHook] j.LocalContainerEntityManagerFactoryBean : Closing JPA EntityManagerFactory for persistence unit 'default'
2023-06-04T18:12:34.453+02:00  INFO 23823 --- [SpringApplicationShutdownHook] com.zaxxer.hikari.HikariDataSource       : HikariPool-1 - Shutdown initiated...
2023-06-04T18:12:34.458+02:00  INFO 23823 --- [SpringApplicationShutdownHook] com.zaxxer.hikari.HikariDataSource       : HikariPool-1 - Shutdown completed.
